<?xml version="1.0" encoding="UTF-8"?>
<!-- Generated by org.testng.reporters.JUnitReportReporter -->
<testsuite hostname="MAA125CD0141R61" failures="0" tests="2" name="testnginselenium.Example" time="7.243" errors="0" timestamp="2022-01-29T18:57:48 IST" skipped="0">
  <testcase classname="testnginselenium.Example" name="launch" time="6.402"/>
  <system-out/>
  <testcase classname="testnginselenium.Example" name="close" time="0.841"/>
  <system-out/>
</testsuite> <!-- testnginselenium.Example -->
