<?xml version="1.0" encoding="UTF-8"?>
<!-- Generated by org.testng.reporters.JUnitReportReporter -->
<testsuite hostname="MAA125CD0141R61" failures="0" tests="1" name="reale.Pageobjecttest" time="6.219" errors="0" timestamp="2022-01-17T19:04:41 IST" skipped="0">
  <testcase classname="reale.Pageobjecttest" name="launchbroswer" time="6.219"/>
  <system-out/>
</testsuite> <!-- reale.Pageobjecttest -->
