<?xml version="1.0" encoding="UTF-8"?>
<!-- Generated by org.testng.reporters.JUnitReportReporter -->
<testsuite hostname="MAA125CD0141R61" failures="0" tests="2" name="testnginselenium.Basictestngpro" time="10.511" errors="0" timestamp="2022-01-29T18:36:40 IST" skipped="0">
  <testcase classname="testnginselenium.Basictestngpro" name="firefox" time="4.223"/>
  <system-out/>
  <testcase classname="testnginselenium.Basictestngpro" name="add" time="6.288"/>
  <system-out/>
</testsuite> <!-- testnginselenium.Basictestngpro -->
