<?xml version="1.0" encoding="UTF-8"?>
<!-- Generated by org.testng.reporters.JUnitReportReporter -->
<testsuite hostname="MAA125CD0141R61" failures="0" tests="4" name="testnginselenium.Alretintestng" time="0.691" errors="0" timestamp="2022-01-29T18:31:41 IST" skipped="0">
  <testcase classname="testnginselenium.Alretintestng" name="url" time="0.484"/>
  <system-out/>
  <testcase classname="testnginselenium.Alretintestng" name="alert1" time="0.086"/>
  <system-out/>
  <testcase classname="testnginselenium.Alretintestng" name="alert2" time="0.051"/>
  <system-out/>
  <testcase classname="testnginselenium.Alretintestng" name="alert3" time="0.070"/>
  <system-out/>
</testsuite> <!-- testnginselenium.Alretintestng -->
