<?xml version="1.0" encoding="UTF-8"?>
<!-- Generated by org.testng.reporters.JUnitReportReporter -->
<testsuite hostname="MAA125CD0141R61" failures="0" tests="3" name="testnginselenium.Dataprovider1" time="7.150" errors="0" timestamp="2022-01-11T20:24:46 IST" skipped="0">
  <testcase classname="testnginselenium.Dataprovider1" name="login1" time="0.943"/>
  <system-out/>
  <testcase classname="testnginselenium.Dataprovider1" name="login1" time="5.706"/>
  <system-out/>
  <testcase classname="testnginselenium.Dataprovider1" name="login1" time="0.501"/>
  <system-out/>
</testsuite> <!-- testnginselenium.Dataprovider1 -->
