<?xml version="1.0" encoding="UTF-8"?>
<!-- Generated by org.testng.reporters.JUnitReportReporter -->
<testsuite hostname="MAA125CD0141R61" failures="0" tests="4" name="testnginselenium.Createtestngfile" time="0.747" errors="0" timestamp="2022-01-12T20:28:56 IST" skipped="0">
  <testcase classname="testnginselenium.Createtestngfile" name="radio" time="0.260"/>
  <system-out/>
  <testcase classname="testnginselenium.Createtestngfile" name="text" time="0.044"/>
  <system-out/>
  <testcase classname="testnginselenium.Createtestngfile" name="check" time="0.032"/>
  <system-out/>
  <testcase classname="testnginselenium.Createtestngfile" name="box" time="0.411"/>
  <system-out/>
</testsuite> <!-- testnginselenium.Createtestngfile -->
