<?xml version="1.0" encoding="UTF-8"?>
<!-- Generated by org.testng.reporters.JUnitReportReporter -->
<testsuite hostname="MAA125CD0141R61" failures="0" tests="2" name="testnginselenium.Assertion" time="4.168" errors="0" timestamp="2022-01-12T20:34:35 IST" skipped="0">
  <testcase classname="testnginselenium.Assertion" name="getsize" time="2.524"/>
  <system-out/>
  <testcase classname="testnginselenium.Assertion" name="launch" time="1.644"/>
  <system-out/>
</testsuite> <!-- testnginselenium.Assertion -->
