<?xml version="1.0" encoding="UTF-8"?>
<!-- Generated by org.testng.reporters.JUnitReportReporter -->
<testsuite hostname="MAA125CD0141R61" failures="0" tests="4" name="testnginselenium.Listeners" time="1.277" errors="0" timestamp="2022-01-29T14:24:56 IST" skipped="0">
  <testcase classname="testnginselenium.Listeners" name="url" time="0.739"/>
  <system-out/>
  <testcase classname="testnginselenium.Listeners" name="alert1" time="0.122"/>
  <system-out/>
  <testcase classname="testnginselenium.Listeners" name="alert2" time="0.198"/>
  <system-out/>
  <testcase classname="testnginselenium.Listeners" name="alert3" time="0.218"/>
  <system-out/>
</testsuite> <!-- testnginselenium.Listeners -->
