<?xml version="1.0" encoding="UTF-8"?>
<!-- Generated by org.testng.reporters.JUnitReportReporter -->
<testsuite hostname="MAA125CD0141R61" failures="0" tests="4" name="testnginselenium.Annotation" time="4.781" errors="0" timestamp="2022-01-10T21:04:08 IST" skipped="0">
  <testcase classname="testnginselenium.Annotation" name="start" time="3.957"/>
  <system-out/>
  <testcase classname="testnginselenium.Annotation" name="url" time="0.468"/>
  <system-out/>
  <testcase classname="testnginselenium.Annotation" name="url1" time="0.173"/>
  <system-out/>
  <testcase classname="testnginselenium.Annotation" name="text" time="0.183"/>
  <system-out/>
</testsuite> <!-- testnginselenium.Annotation -->
