<?xml version="1.0" encoding="UTF-8"?>
<!-- Generated by org.testng.reporters.JUnitReportReporter -->
<testsuite hostname="MAA125CD0141R61" failures="0" tests="6" name="testnginselenium.Dataprovider" time="0.016" errors="0" timestamp="2022-01-11T19:19:26 IST" skipped="0">
  <testcase classname="testnginselenium.Dataprovider" name="test" time="0.009"/>
  <system-out/>
  <testcase classname="testnginselenium.Dataprovider" name="test2" time="0.001"/>
  <system-out/>
  <testcase classname="testnginselenium.Dataprovider" name="test" time="0.002"/>
  <system-out/>
  <testcase classname="testnginselenium.Dataprovider" name="test2" time="0.001"/>
  <system-out/>
  <testcase classname="testnginselenium.Dataprovider" name="test2" time="0.002"/>
  <system-out/>
  <testcase classname="testnginselenium.Dataprovider" name="test" time="0.001"/>
  <system-out/>
</testsuite> <!-- testnginselenium.Dataprovider -->
