<?xml version="1.0" encoding="UTF-8"?>
<!-- Generated by org.testng.reporters.JUnitReportReporter -->
<testsuite hostname="MAA125CD0141R61" failures="0" tests="3" name="testnginselenium.Groups" time="1.448" errors="0" timestamp="2022-01-10T18:56:21 IST" skipped="0">
  <testcase classname="testnginselenium.Groups" name="geturl" time="0.747"/>
  <system-out/>
  <testcase classname="testnginselenium.Groups" name="printalllinks" time="0.443"/>
  <system-out/>
  <testcase classname="testnginselenium.Groups" name="verifybroken" time="0.258"/>
  <system-out/>
</testsuite> <!-- testnginselenium.Groups -->
